<?xml version="1.0" encoding="UTF-8"?>
<!-- Generated by org.testng.reporters.JUnitReportReporter -->
<testsuite hostname="Ketan" failures="0" tests="4" name="api.test.userTests2" time="9.948" errors="0" timestamp="2024-06-11T16:29:39 IST" skipped="0">
  <testcase classname="api.test.userTests2" name="createUserRespose" time="3.477"/>
  <system-out/>
  <testcase classname="api.test.userTests2" name="getUserRespose" time="1.675"/>
  <system-out/>
  <testcase classname="api.test.userTests2" name="updateUserRespose" time="3.167"/>
  <system-out/>
  <testcase classname="api.test.userTests2" name="deleteUserRespose" time="1.629"/>
  <system-out/>
</testsuite> <!-- api.test.userTests2 -->
