<?xml version="1.0" encoding="UTF-8"?>
<!-- Generated by org.testng.reporters.JUnitReportReporter -->
<testsuite hostname="Ketan" failures="0" tests="6" name="api.test.daraDrivenTests" time="17.960" errors="0" timestamp="2024-06-10T13:58:37 IST" skipped="0">
  <testcase classname="api.test.daraDrivenTests" name="postUserData" time="5.945"/>
  <system-out/>
  <testcase classname="api.test.daraDrivenTests" name="postUserData" time="2.632"/>
  <system-out/>
  <testcase classname="api.test.daraDrivenTests" name="postUserData" time="2.041"/>
  <system-out/>
  <testcase classname="api.test.daraDrivenTests" name="deleteUserByName" time="1.825"/>
  <system-out/>
  <testcase classname="api.test.daraDrivenTests" name="deleteUserByName" time="2.863"/>
  <system-out/>
  <testcase classname="api.test.daraDrivenTests" name="deleteUserByName" time="2.654"/>
  <system-out/>
</testsuite> <!-- api.test.daraDrivenTests -->
