<?xml version="1.0" encoding="UTF-8"?>
<!-- Generated by org.testng.reporters.JUnitReportReporter -->
<testsuite hostname="Ketan" failures="0" tests="4" name="api.test.userTests" time="10.209" errors="0" timestamp="2024-06-11T15:46:32 IST" skipped="0">
  <testcase classname="api.test.userTests" name="createUserRespose" time="3.330"/>
  <system-out/>
  <testcase classname="api.test.userTests" name="getUserRespose" time="1.584"/>
  <system-out/>
  <testcase classname="api.test.userTests" name="updateUserRespose" time="3.158"/>
  <system-out/>
  <testcase classname="api.test.userTests" name="deleteUserRespose" time="2.137"/>
  <system-out/>
</testsuite> <!-- api.test.userTests -->
