<?xml version="1.0" encoding="UTF-8"?>
<!-- Generated by org.testng.reporters.JUnitReportReporter -->
<testsuite hostname="Ketan" failures="0" tests="6" name="api.test.daraDrivenTests" time="11.699" errors="0" timestamp="2024-06-12T13:13:26 IST" skipped="0">
  <testcase classname="api.test.daraDrivenTests" name="postUserData" time="1.428"/>
  <testcase classname="api.test.daraDrivenTests" name="postUserData" time="1.590"/>
  <testcase classname="api.test.daraDrivenTests" name="postUserData" time="3.187"/>
  <testcase classname="api.test.daraDrivenTests" name="deleteUserByName" time="2.558"/>
  <testcase classname="api.test.daraDrivenTests" name="deleteUserByName" time="1.537"/>
  <testcase classname="api.test.daraDrivenTests" name="deleteUserByName" time="1.399"/>
</testsuite> <!-- api.test.daraDrivenTests -->
