<?xml version="1.0" encoding="UTF-8"?>
<!-- Generated by org.testng.reporters.JUnitReportReporter -->
<testsuite hostname="Ketan" failures="0" tests="4" name="api.test.userTests" time="15.442" errors="0" timestamp="2024-06-12T13:19:54 IST" skipped="0">
  <testcase classname="api.test.userTests" name="createUserRespose" time="3.456"/>
  <testcase classname="api.test.userTests" name="getUserRespose" time="7.090"/>
  <testcase classname="api.test.userTests" name="updateUserRespose" time="3.275"/>
  <testcase classname="api.test.userTests" name="deleteUserRespose" time="1.621"/>
</testsuite> <!-- api.test.userTests -->
